0 info it worked if it ends with ok
1 verbose cli [ 'node', '/usr/bin/npm', 'install', 'mocha' ]
2 info using npm@1.3.6
3 info using node@v0.10.48
4 warn package.json jenkins@0.0.0 No description
5 verbose readDependencies using package.json deps
6 verbose cache add [ 'mocha', null ]
7 verbose cache add name=undefined spec="mocha" args=["mocha",null]
8 verbose parsed url { protocol: null,
8 verbose parsed url   slashes: null,
8 verbose parsed url   auth: null,
8 verbose parsed url   host: null,
8 verbose parsed url   port: null,
8 verbose parsed url   hostname: null,
8 verbose parsed url   hash: null,
8 verbose parsed url   search: null,
8 verbose parsed url   query: null,
8 verbose parsed url   pathname: 'mocha',
8 verbose parsed url   path: 'mocha',
8 verbose parsed url   href: 'mocha' }
9 silly lockFile a619da43-mocha mocha
10 verbose lock mocha /root/.npm/a619da43-mocha.lock
11 silly lockFile a619da43-mocha mocha
12 silly lockFile a619da43-mocha mocha
13 verbose addNamed [ 'mocha', '' ]
14 verbose addNamed [ null, '*' ]
15 silly lockFile b9899f31-mocha mocha@
16 verbose lock mocha@ /root/.npm/b9899f31-mocha.lock
17 silly addNameRange { name: 'mocha', range: '*', hasData: false }
18 verbose url raw mocha
19 verbose url resolving [ 'https://registry.npmjs.org/', './mocha' ]
20 verbose url resolved https://registry.npmjs.org/mocha
21 info trying registry request attempt 1 at 00:58:38
22 http GET https://registry.npmjs.org/mocha
23 info retry will retry, error on last attempt: Error: UNABLE_TO_GET_ISSUER_CERT_LOCALLY
24 info trying registry request attempt 2 at 00:58:48
25 http GET https://registry.npmjs.org/mocha
26 info retry will retry, error on last attempt: Error: UNABLE_TO_GET_ISSUER_CERT_LOCALLY
27 info trying registry request attempt 3 at 00:59:48
28 http GET https://registry.npmjs.org/mocha
29 silly lockFile b9899f31-mocha mocha@
30 silly lockFile b9899f31-mocha mocha@
31 error Error: UNABLE_TO_GET_ISSUER_CERT_LOCALLY
31 error     at SecurePair.<anonymous> (tls.js:1430:32)
31 error     at SecurePair.emit (events.js:92:17)
31 error     at SecurePair.maybeInitFinished (tls.js:1029:10)
31 error     at CleartextStream.read [as _read] (tls.js:521:13)
31 error     at CleartextStream.Readable.read (_stream_readable.js:341:10)
31 error     at EncryptedStream.write [as _write] (tls.js:418:25)
31 error     at doWrite (_stream_writable.js:226:10)
31 error     at writeOrBuffer (_stream_writable.js:216:5)
31 error     at EncryptedStream.Writable.write (_stream_writable.js:183:11)
31 error     at write (_stream_readable.js:602:24)
32 error If you need help, you may report this log at:
32 error     <http://github.com/isaacs/npm/issues>
32 error or email it to:
32 error     <npm-@googlegroups.com>
33 error System Linux 4.14.154-99.181.amzn1.x86_64
34 error command "node" "/usr/bin/npm" "install" "mocha"
35 error cwd /home/ec2-user/jenkins
36 error node -v v0.10.48
37 error npm -v 1.3.6
38 verbose exit [ 1, true ]
